<?xml version="1.0" encoding="UTF-8"?>
<testng-results skipped="0" failed="0" total="1" passed="1">
  <reporter-output>
  </reporter-output>
  <suite name="Default suite" duration-ms="1924" started-at="2016-02-17T20:10:41Z" finished-at="2016-02-17T20:10:43Z">
    <groups>
    </groups>
    <test name="Default test" duration-ms="1924" started-at="2016-02-17T20:10:41Z" finished-at="2016-02-17T20:10:43Z">
      <class name="test.TestOpenCloseGoogle">
        <test-method status="PASS" signature="test()[pri:0, instance:test.TestOpenCloseGoogle@7bfcd12c]" name="test" duration-ms="1909" started-at="2016-02-17T21:10:41Z" finished-at="2016-02-17T21:10:43Z">
          <reporter-output>
          </reporter-output>
        </test-method> <!-- test -->
      </class> <!-- test.TestOpenCloseGoogle -->
    </test> <!-- Default test -->
  </suite> <!-- Default suite -->
</testng-results>
